Build started 5/19/2024 5:01:15 AM.
     1>Project "C:\MSI I7\Documents\Visual Studio 2012\Projects\GameSDLCpp\GameSDLCpp\GameSDLCpp.vcxproj" on node 2 (Build target(s)).
     1>ClCompile:
         C:\Program Files (x86)\Microsoft Visual Studio 11.0\VC\bin\CL.exe /c /ZI /nologo /W3 /WX- /Od /Oy- /D WIN32 /D _DEBUG /D _CONSOLE /D _UNICODE /D UNICODE /Gm /EHsc /RTC1 /MDd /GS /fp:precise /Zc:wchar_t /Zc:forScope /Fo"Debug\\" /Fd"Debug\vc110.pdb" /Gd /TP /analyze- /errorReport:prompt BaseObject.cpp BulletObject.cpp Common_Fuction.cpp ExplosionObject.cpp MainObject.cpp PlayerPower.cpp TextObject.cpp ThreatsObject.cpp main.cpp
         main.cpp
     1>c:\msi i7\documents\visual studio 2012\projects\gamesdlcpp\gamesdlcpp\main.cpp(108): warning C4244: '=' : conversion from 'double' to 'int', possible loss of data
     1>c:\msi i7\documents\visual studio 2012\projects\gamesdlcpp\gamesdlcpp\main.cpp(111): warning C4244: 'argument' : conversion from 'double' to 'const int', possible loss of data
     1>c:\msi i7\documents\visual studio 2012\projects\gamesdlcpp\gamesdlcpp\main.cpp(141): warning C4244: '-=' : conversion from 'double' to 'int', possible loss of data
     1>c:\msi i7\documents\visual studio 2012\projects\gamesdlcpp\gamesdlcpp\main.cpp(173): warning C4018: '<' : signed/unsigned mismatch
     1>c:\msi i7\documents\visual studio 2012\projects\gamesdlcpp\gamesdlcpp\main.cpp(189): warning C4244: 'initializing' : conversion from 'double' to 'int', possible loss of data
     1>c:\msi i7\documents\visual studio 2012\projects\gamesdlcpp\gamesdlcpp\main.cpp(190): warning C4244: 'initializing' : conversion from 'double' to 'int', possible loss of data
     1>c:\msi i7\documents\visual studio 2012\projects\gamesdlcpp\gamesdlcpp\main.cpp(233): warning C4018: '<' : signed/unsigned mismatch
     1>c:\msi i7\documents\visual studio 2012\projects\gamesdlcpp\gamesdlcpp\main.cpp(240): warning C4244: 'initializing' : conversion from 'double' to 'int', possible loss of data
     1>c:\msi i7\documents\visual studio 2012\projects\gamesdlcpp\gamesdlcpp\main.cpp(241): warning C4244: 'initializing' : conversion from 'double' to 'int', possible loss of data
         ThreatsObject.cpp
     1>c:\msi i7\documents\visual studio 2012\projects\gamesdlcpp\gamesdlcpp\threatsobject.cpp(7): warning C4244: '=' : conversion from 'double' to 'Sint16', possible loss of data
     1>c:\msi i7\documents\visual studio 2012\projects\gamesdlcpp\gamesdlcpp\threatsobject.cpp(14): warning C4018: '<' : signed/unsigned mismatch
     1>c:\msi i7\documents\visual studio 2012\projects\gamesdlcpp\gamesdlcpp\threatsobject.cpp(35): warning C4244: '=' : conversion from 'double' to 'int', possible loss of data
     1>c:\msi i7\documents\visual studio 2012\projects\gamesdlcpp\gamesdlcpp\threatsobject.cpp(48): warning C4244: 'argument' : conversion from 'double' to 'const int', possible loss of data
     1>c:\msi i7\documents\visual studio 2012\projects\gamesdlcpp\gamesdlcpp\threatsobject.cpp(49): warning C4244: 'argument' : conversion from 'double' to 'const int', possible loss of data
     1>c:\msi i7\documents\visual studio 2012\projects\gamesdlcpp\gamesdlcpp\threatsobject.cpp(56): warning C4018: '<' : signed/unsigned mismatch
     1>c:\msi i7\documents\visual studio 2012\projects\gamesdlcpp\gamesdlcpp\threatsobject.cpp(65): warning C4244: 'argument' : conversion from 'double' to 'const int', possible loss of data
     1>c:\msi i7\documents\visual studio 2012\projects\gamesdlcpp\gamesdlcpp\threatsobject.cpp(72): warning C4244: 'argument' : conversion from 'double' to 'const int', possible loss of data
     1>c:\msi i7\documents\visual studio 2012\projects\gamesdlcpp\gamesdlcpp\threatsobject.cpp(79): warning C4244: '=' : conversion from 'double' to 'int', possible loss of data
     1>c:\msi i7\documents\visual studio 2012\projects\gamesdlcpp\gamesdlcpp\threatsobject.cpp(83): warning C4018: '<' : signed/unsigned mismatch
         TextObject.cpp
         PlayerPower.cpp
     1>c:\msi i7\documents\visual studio 2012\projects\gamesdlcpp\gamesdlcpp\playerpower.cpp(17): warning C4018: '<' : signed/unsigned mismatch
         MainObject.cpp
     1>c:\msi i7\documents\visual studio 2012\projects\gamesdlcpp\gamesdlcpp\mainobject.cpp(65): warning C4244: 'argument' : conversion from 'double' to 'const int', possible loss of data
     1>c:\msi i7\documents\visual studio 2012\projects\gamesdlcpp\gamesdlcpp\mainobject.cpp(91): warning C4018: '<' : signed/unsigned mismatch
     1>c:\msi i7\documents\visual studio 2012\projects\gamesdlcpp\gamesdlcpp\mainobject.cpp(110): warning C4018: '<' : signed/unsigned mismatch
     1>c:\msi i7\documents\visual studio 2012\projects\gamesdlcpp\gamesdlcpp\mainobject.cpp(111): warning C4018: '<' : signed/unsigned mismatch
         ExplosionObject.cpp
         Common_Fuction.cpp
         BulletObject.cpp
         BaseObject.cpp
         Generating Code...
       Link:
         C:\Program Files (x86)\Microsoft Visual Studio 11.0\VC\bin\link.exe /ERRORREPORT:PROMPT /OUT:"C:\MSI I7\Documents\Visual Studio 2012\Projects\GameSDLCpp\Debug\GameSDLCpp.exe" /INCREMENTAL /NOLOGO SDL.lib SDLMain.lib SDL_image.lib SDL_mixer.lib SDL_ttf.lib kernel32.lib user32.lib gdi32.lib winspool.lib comdlg32.lib advapi32.lib shell32.lib ole32.lib oleaut32.lib uuid.lib odbc32.lib odbccp32.lib /MANIFEST /MANIFESTUAC:"level='asInvoker' uiAccess='false'" /manifest:embed /DEBUG /PDB:"C:\MSI I7\Documents\Visual Studio 2012\Projects\GameSDLCpp\Debug\GameSDLCpp.pdb" /SUBSYSTEM:WINDOWS /TLBID:1 /DYNAMICBASE /NXCOMPAT /IMPLIB:"C:\MSI I7\Documents\Visual Studio 2012\Projects\GameSDLCpp\Debug\GameSDLCpp.lib" /MACHINE:X86 Debug\BulletObject.obj
         Debug\BaseObject.obj
         Debug\Common_Fuction.obj
         Debug\ExplosionObject.obj
         Debug\main.obj
         Debug\MainObject.obj
         Debug\PlayerPower.obj
         Debug\TextObject.obj
         Debug\ThreatsObject.obj
         GameSDLCpp.vcxproj -> C:\MSI I7\Documents\Visual Studio 2012\Projects\GameSDLCpp\Debug\GameSDLCpp.exe
     1>Done Building Project "C:\MSI I7\Documents\Visual Studio 2012\Projects\GameSDLCpp\GameSDLCpp\GameSDLCpp.vcxproj" (Build target(s)).

Build succeeded.

Time Elapsed 00:00:06.22
