C:\MSI I7\DOCUMENTS\VISUAL STUDIO 2012\PROJECTS\GAMESDLCPP\GAMESDLCPP\DEBUG\BULLETOBJECT.CPP.NATIVECODEANALYSIS.XML
C:\MSI I7\DOCUMENTS\VISUAL STUDIO 2012\PROJECTS\GAMESDLCPP\GAMESDLCPP\DEBUG\BULLETOBJECT.OBJ
C:\MSI I7\DOCUMENTS\VISUAL STUDIO 2012\PROJECTS\GAMESDLCPP\GAMESDLCPP\DEBUG\VC110.PDB
C:\MSI I7\DOCUMENTS\VISUAL STUDIO 2012\PROJECTS\GAMESDLCPP\GAMESDLCPP\DEBUG\BASEOBJECT.CPP.NATIVECODEANALYSIS.XML
C:\MSI I7\DOCUMENTS\VISUAL STUDIO 2012\PROJECTS\GAMESDLCPP\GAMESDLCPP\DEBUG\BASEOBJECT.OBJ
C:\MSI I7\DOCUMENTS\VISUAL STUDIO 2012\PROJECTS\GAMESDLCPP\GAMESDLCPP\DEBUG\COMMON_FUCTION.CPP.NATIVECODEANALYSIS.XML
C:\MSI I7\DOCUMENTS\VISUAL STUDIO 2012\PROJECTS\GAMESDLCPP\GAMESDLCPP\DEBUG\COMMON_FUCTION.OBJ
C:\MSI I7\DOCUMENTS\VISUAL STUDIO 2012\PROJECTS\GAMESDLCPP\GAMESDLCPP\DEBUG\EXPLOSIONOBJECT.CPP.NATIVECODEANALYSIS.XML
C:\MSI I7\DOCUMENTS\VISUAL STUDIO 2012\PROJECTS\GAMESDLCPP\GAMESDLCPP\DEBUG\EXPLOSIONOBJECT.OBJ
C:\MSI I7\DOCUMENTS\VISUAL STUDIO 2012\PROJECTS\GAMESDLCPP\GAMESDLCPP\DEBUG\MAIN.CPP.NATIVECODEANALYSIS.XML
C:\MSI I7\DOCUMENTS\VISUAL STUDIO 2012\PROJECTS\GAMESDLCPP\GAMESDLCPP\DEBUG\MAIN.OBJ
C:\MSI I7\DOCUMENTS\VISUAL STUDIO 2012\PROJECTS\GAMESDLCPP\GAMESDLCPP\DEBUG\MAINOBJECT.CPP.NATIVECODEANALYSIS.XML
C:\MSI I7\DOCUMENTS\VISUAL STUDIO 2012\PROJECTS\GAMESDLCPP\GAMESDLCPP\DEBUG\MAINOBJECT.OBJ
C:\MSI I7\DOCUMENTS\VISUAL STUDIO 2012\PROJECTS\GAMESDLCPP\GAMESDLCPP\DEBUG\PLAYERPOWER.CPP.NATIVECODEANALYSIS.XML
C:\MSI I7\DOCUMENTS\VISUAL STUDIO 2012\PROJECTS\GAMESDLCPP\GAMESDLCPP\DEBUG\PLAYERPOWER.OBJ
C:\MSI I7\DOCUMENTS\VISUAL STUDIO 2012\PROJECTS\GAMESDLCPP\GAMESDLCPP\DEBUG\TEXTOBJECT.CPP.NATIVECODEANALYSIS.XML
C:\MSI I7\DOCUMENTS\VISUAL STUDIO 2012\PROJECTS\GAMESDLCPP\GAMESDLCPP\DEBUG\TEXTOBJECT.OBJ
C:\MSI I7\DOCUMENTS\VISUAL STUDIO 2012\PROJECTS\GAMESDLCPP\GAMESDLCPP\DEBUG\THREATSOBJECT.CPP.NATIVECODEANALYSIS.XML
C:\MSI I7\DOCUMENTS\VISUAL STUDIO 2012\PROJECTS\GAMESDLCPP\GAMESDLCPP\DEBUG\THREATSOBJECT.OBJ
C:\MSI I7\DOCUMENTS\VISUAL STUDIO 2012\PROJECTS\GAMESDLCPP\DEBUG\GAMESDLCPP.ILK
C:\MSI I7\DOCUMENTS\VISUAL STUDIO 2012\PROJECTS\GAMESDLCPP\DEBUG\GAMESDLCPP.EXE
C:\MSI I7\DOCUMENTS\VISUAL STUDIO 2012\PROJECTS\GAMESDLCPP\DEBUG\GAMESDLCPP.PDB
C:\MSI I7\Documents\Visual Studio 2012\Projects\GameSDLCpp\GameSDLCpp\Debug\BaseObject.obj
C:\MSI I7\Documents\Visual Studio 2012\Projects\GameSDLCpp\GameSDLCpp\Debug\BulletObject.obj
C:\MSI I7\Documents\Visual Studio 2012\Projects\GameSDLCpp\GameSDLCpp\Debug\Common_Fuction.obj
C:\MSI I7\Documents\Visual Studio 2012\Projects\GameSDLCpp\GameSDLCpp\Debug\ExplosionObject.obj
C:\MSI I7\Documents\Visual Studio 2012\Projects\GameSDLCpp\GameSDLCpp\Debug\main.obj
C:\MSI I7\Documents\Visual Studio 2012\Projects\GameSDLCpp\GameSDLCpp\Debug\MainObject.obj
C:\MSI I7\Documents\Visual Studio 2012\Projects\GameSDLCpp\GameSDLCpp\Debug\PlayerPower.obj
C:\MSI I7\Documents\Visual Studio 2012\Projects\GameSDLCpp\GameSDLCpp\Debug\TextObject.obj
C:\MSI I7\Documents\Visual Studio 2012\Projects\GameSDLCpp\GameSDLCpp\Debug\ThreatsObject.obj
C:\MSI I7\Documents\Visual Studio 2012\Projects\GameSDLCpp\GameSDLCpp\Debug\cl.command.1.tlog
C:\MSI I7\Documents\Visual Studio 2012\Projects\GameSDLCpp\GameSDLCpp\Debug\CL.read.1.tlog
C:\MSI I7\Documents\Visual Studio 2012\Projects\GameSDLCpp\GameSDLCpp\Debug\CL.write.1.tlog
C:\MSI I7\Documents\Visual Studio 2012\Projects\GameSDLCpp\GameSDLCpp\Debug\link-cvtres.read.1.tlog
C:\MSI I7\Documents\Visual Studio 2012\Projects\GameSDLCpp\GameSDLCpp\Debug\link-cvtres.write.1.tlog
C:\MSI I7\Documents\Visual Studio 2012\Projects\GameSDLCpp\GameSDLCpp\Debug\link-rc.read.1.tlog
C:\MSI I7\Documents\Visual Studio 2012\Projects\GameSDLCpp\GameSDLCpp\Debug\link-rc.write.1.tlog
C:\MSI I7\Documents\Visual Studio 2012\Projects\GameSDLCpp\GameSDLCpp\Debug\link.command.1.tlog
C:\MSI I7\Documents\Visual Studio 2012\Projects\GameSDLCpp\GameSDLCpp\Debug\link.read.1.tlog
C:\MSI I7\Documents\Visual Studio 2012\Projects\GameSDLCpp\GameSDLCpp\Debug\link.write.1.tlog
C:\MSI I7\Documents\Visual Studio 2012\Projects\GameSDLCpp\GameSDLCpp\Debug\NativeCodeAnalysis.read.1.tlog
C:\MSI I7\Documents\Visual Studio 2012\Projects\GameSDLCpp\GameSDLCpp\Debug\vc110.idb
C:\MSI I7\Documents\Visual Studio 2012\Projects\GameSDLCpp\GameSDLCpp\Debug\vc110.pdb
C:\MSI I7\Documents\Visual Studio 2012\Projects\GameSDLCpp\GameSDLCpp\Debug\BaseObject.cpp.nativecodeanalysis.xml
C:\MSI I7\Documents\Visual Studio 2012\Projects\GameSDLCpp\GameSDLCpp\Debug\BulletObject.cpp.nativecodeanalysis.xml
C:\MSI I7\Documents\Visual Studio 2012\Projects\GameSDLCpp\GameSDLCpp\Debug\Common_Fuction.cpp.nativecodeanalysis.xml
C:\MSI I7\Documents\Visual Studio 2012\Projects\GameSDLCpp\GameSDLCpp\Debug\ExplosionObject.cpp.nativecodeanalysis.xml
C:\MSI I7\Documents\Visual Studio 2012\Projects\GameSDLCpp\GameSDLCpp\Debug\main.cpp.nativecodeanalysis.xml
C:\MSI I7\Documents\Visual Studio 2012\Projects\GameSDLCpp\GameSDLCpp\Debug\MainObject.cpp.nativecodeanalysis.xml
C:\MSI I7\Documents\Visual Studio 2012\Projects\GameSDLCpp\GameSDLCpp\Debug\PlayerPower.cpp.nativecodeanalysis.xml
C:\MSI I7\Documents\Visual Studio 2012\Projects\GameSDLCpp\GameSDLCpp\Debug\TextObject.cpp.nativecodeanalysis.xml
C:\MSI I7\Documents\Visual Studio 2012\Projects\GameSDLCpp\GameSDLCpp\Debug\ThreatsObject.cpp.nativecodeanalysis.xml
C:\MSI I7\Documents\Visual Studio 2012\Projects\GameSDLCpp\GameSDLCpp\Debug\vc.nativecodeanalysis.all.xml
C:\MSI I7\Documents\Visual Studio 2012\Projects\GameSDLCpp\Debug\GameSDLCpp.pdb
C:\MSI I7\Documents\Visual Studio 2012\Projects\GameSDLCpp\Debug\GameSDLCpp.exe
C:\MSI I7\Documents\Visual Studio 2012\Projects\GameSDLCpp\Debug\GameSDLCpp.ilk
C:\MSI I7\Documents\Visual Studio 2012\Projects\GameSDLCpp\Debug\GameSDLCpp.exe.lastcodeanalysissucceeded
